----------------------------------------------------------------
Fri Oct 18 14:50:17 EDT 2013:
Booting Derby version The Apache Software Foundation - Apache Derby - 10.8.2.2 - (1181258): instance a816c00e-0141-cce7-6068-00000e4ab3f0 
on database directory memory:/afs/andrew.cmu.edu/usr20/mengweid/sqoop/repository/repository-derby/myDB  with class loader sun.misc.Launcher$AppClassLoader@37eaab 
Loaded from file:/afs/andrew.cmu.edu/usr20/mengweid/.m2/repository/org/apache/derby/derby/10.8.2.2/derby-10.8.2.2.jar
java.vendor=Oracle Corporation
java.runtime.version=1.7.0_25-mockbuild_2013_06_26_07_26-b00
user.dir=/afs/andrew.cmu.edu/usr20/mengweid/sqoop/repository/repository-derby
derby.system.home=null
Database Class Loader started - derby.database.classpath=''
----------------------------------------------------------------
Fri Oct 18 14:50:19 EDT 2013:
Shutting down instance a816c00e-0141-cce7-6068-00000e4ab3f0 on database directory memory:/afs/andrew.cmu.edu/usr20/mengweid/sqoop/repository/repository-derby/myDB with class loader sun.misc.Launcher$AppClassLoader@37eaab 
----------------------------------------------------------------
Fri Oct 18 14:50:19 EDT 2013:
Booting Derby version The Apache Software Foundation - Apache Derby - 10.8.2.2 - (1181258): instance 00df816d-0141-cce7-6068-00000e4ab3f0 
on database directory memory:/afs/andrew.cmu.edu/usr20/mengweid/sqoop/repository/repository-derby/myDB  with class loader sun.misc.Launcher$AppClassLoader@37eaab 
Loaded from file:/afs/andrew.cmu.edu/usr20/mengweid/.m2/repository/org/apache/derby/derby/10.8.2.2/derby-10.8.2.2.jar
java.vendor=Oracle Corporation
java.runtime.version=1.7.0_25-mockbuild_2013_06_26_07_26-b00
user.dir=/afs/andrew.cmu.edu/usr20/mengweid/sqoop/repository/repository-derby
derby.system.home=null
Database Class Loader started - derby.database.classpath=''
----------------------------------------------------------------
Fri Oct 18 14:50:20 EDT 2013:
Shutting down instance 00df816d-0141-cce7-6068-00000e4ab3f0 on database directory memory:/afs/andrew.cmu.edu/usr20/mengweid/sqoop/repository/repository-derby/myDB with class loader sun.misc.Launcher$AppClassLoader@37eaab 
----------------------------------------------------------------
Fri Oct 18 14:50:20 EDT 2013:
Booting Derby version The Apache Software Foundation - Apache Derby - 10.8.2.2 - (1181258): instance 5cd402a1-0141-cce7-6068-00000e4ab3f0 
on database directory memory:/afs/andrew.cmu.edu/usr20/mengweid/sqoop/repository/repository-derby/myDB  with class loader sun.misc.Launcher$AppClassLoader@37eaab 
Loaded from file:/afs/andrew.cmu.edu/usr20/mengweid/.m2/repository/org/apache/derby/derby/10.8.2.2/derby-10.8.2.2.jar
java.vendor=Oracle Corporation
java.runtime.version=1.7.0_25-mockbuild_2013_06_26_07_26-b00
user.dir=/afs/andrew.cmu.edu/usr20/mengweid/sqoop/repository/repository-derby
derby.system.home=null
Database Class Loader started - derby.database.classpath=''
----------------------------------------------------------------
Fri Oct 18 14:50:20 EDT 2013:
Shutting down instance 5cd402a1-0141-cce7-6068-00000e4ab3f0 on database directory memory:/afs/andrew.cmu.edu/usr20/mengweid/sqoop/repository/repository-derby/myDB with class loader sun.misc.Launcher$AppClassLoader@37eaab 
