[INFO] Scanning for projects...
[INFO]                                                                         
[INFO] ------------------------------------------------------------------------
[INFO] Building Getting-Started 0.0.1-SNAPSHOT
[INFO] ------------------------------------------------------------------------
[INFO] 
[INFO] --- exec-maven-plugin:1.3:java (default-cli) @ Getting-Started ---
[WARNING] Warning: killAfter is now deprecated. Do you need it ? Please comment on MEXEC-6.
0    [TopologyMain.main()] INFO  backtype.storm.zookeeper  - Starting inprocess zookeeper at port 2181 and dir /tmp/47896f6e-7593-4906-b796-ce77a3369571
157  [TopologyMain.main()] INFO  backtype.storm.daemon.nimbus  - Starting Nimbus with conf {"topology.fall.back.on.java.serialization" true, "zmq.linger.millis" 0, "topology.skip.missing.kryo.registrations" true, "ui.childopts" "-Xmx768m", "storm.zookeeper.session.timeout" 20000, "nimbus.reassign" true, "nimbus.monitor.freq.secs" 10, "java.library.path" "/usr/local/lib:/opt/local/lib:/usr/lib", "storm.local.dir" "/tmp/81a171f8-2383-4f16-967c-e2fb2911276c", "supervisor.worker.start.timeout.secs" 240, "nimbus.cleanup.inbox.freq.secs" 600, "nimbus.inbox.jar.expiration.secs" 3600, "storm.zookeeper.port" 2181, "transactional.zookeeper.port" nil, "transactional.zookeeper.servers" nil, "storm.zookeeper.root" "/storm", "supervisor.enable" true, "storm.zookeeper.servers" ["localhost"], "transactional.zookeeper.root" "/transactional", "topology.worker.childopts" nil, "worker.childopts" "-Xmx768m", "supervisor.heartbeat.frequency.secs" 5, "drpc.port" 3772, "supervisor.monitor.frequency.secs" 3, "task.heartbeat.frequency.secs" 3, "topology.max.spout.pending" nil, "storm.zookeeper.retry.interval" 1000, "supervisor.slots.ports" [6700 6701 6702 6703], "topology.debug" false, "nimbus.task.launch.secs" 120, "nimbus.supervisor.timeout.secs" 60, "topology.message.timeout.secs" 30, "task.refresh.poll.secs" 10, "topology.workers" 1, "supervisor.childopts" "-Xmx1024m", "nimbus.thrift.port" 6627, "topology.stats.sample.rate" 0.05, "worker.heartbeat.frequency.secs" 1, "nimbus.task.timeout.secs" 30, "drpc.invocations.port" 3773, "zmq.threads" 1, "storm.zookeeper.retry.times" 5, "topology.state.synchronization.timeout.secs" 60, "supervisor.worker.timeout.secs" 30, "nimbus.file.copy.expiration.secs" 600, "storm.local.mode.zmq" false, "ui.port" 8080, "nimbus.childopts" "-Xmx1024m", "topology.ackers" 1, "storm.cluster.mode" "local", "topology.optimize" true, "topology.max.task.parallelism" nil}
197  [TopologyMain.main()] INFO  com.netflix.curator.framework.imps.CuratorFrameworkImpl  - Starting
222  [TopologyMain.main()-EventThread] INFO  backtype.storm.zookeeper  - Zookeeper state update: :connected:none
239  [TopologyMain.main()] INFO  com.netflix.curator.framework.imps.CuratorFrameworkImpl  - Starting
261  [TopologyMain.main()] INFO  com.netflix.curator.framework.imps.CuratorFrameworkImpl  - Starting
263  [TopologyMain.main()-EventThread] INFO  backtype.storm.zookeeper  - Zookeeper state update: :connected:none
266  [TopologyMain.main()] INFO  com.netflix.curator.framework.imps.CuratorFrameworkImpl  - Starting
267  [TopologyMain.main()] INFO  com.netflix.curator.framework.imps.CuratorFrameworkImpl  - Starting
269  [TopologyMain.main()-EventThread] INFO  backtype.storm.zookeeper  - Zookeeper state update: :connected:none
271  [TopologyMain.main()] INFO  com.netflix.curator.framework.imps.CuratorFrameworkImpl  - Starting
286  [TopologyMain.main()] INFO  backtype.storm.daemon.supervisor  - Starting Supervisor with conf {"topology.fall.back.on.java.serialization" true, "zmq.linger.millis" 0, "topology.skip.missing.kryo.registrations" true, "ui.childopts" "-Xmx768m", "storm.zookeeper.session.timeout" 20000, "nimbus.reassign" true, "nimbus.monitor.freq.secs" 10, "java.library.path" "/usr/local/lib:/opt/local/lib:/usr/lib", "storm.local.dir" "/tmp/b2c93af3-29ce-4de6-9d10-ddc6054e2ed3", "supervisor.worker.start.timeout.secs" 240, "nimbus.cleanup.inbox.freq.secs" 600, "nimbus.inbox.jar.expiration.secs" 3600, "storm.zookeeper.port" 2181, "transactional.zookeeper.port" nil, "transactional.zookeeper.servers" nil, "storm.zookeeper.root" "/storm", "supervisor.enable" true, "storm.zookeeper.servers" ["localhost"], "transactional.zookeeper.root" "/transactional", "topology.worker.childopts" nil, "worker.childopts" "-Xmx768m", "supervisor.heartbeat.frequency.secs" 5, "drpc.port" 3772, "supervisor.monitor.frequency.secs" 3, "task.heartbeat.frequency.secs" 3, "topology.max.spout.pending" nil, "storm.zookeeper.retry.interval" 1000, "supervisor.slots.ports" (1 2 3), "topology.debug" false, "nimbus.task.launch.secs" 120, "nimbus.supervisor.timeout.secs" 60, "topology.message.timeout.secs" 30, "task.refresh.poll.secs" 10, "topology.workers" 1, "supervisor.childopts" "-Xmx1024m", "nimbus.thrift.port" 6627, "topology.stats.sample.rate" 0.05, "worker.heartbeat.frequency.secs" 1, "nimbus.task.timeout.secs" 30, "drpc.invocations.port" 3773, "zmq.threads" 1, "storm.zookeeper.retry.times" 5, "topology.state.synchronization.timeout.secs" 60, "supervisor.worker.timeout.secs" 30, "nimbus.file.copy.expiration.secs" 600, "storm.local.mode.zmq" false, "ui.port" 8080, "nimbus.childopts" "-Xmx1024m", "topology.ackers" 1, "storm.cluster.mode" "local", "topology.optimize" true, "topology.max.task.parallelism" nil}
287  [TopologyMain.main()] INFO  com.netflix.curator.framework.imps.CuratorFrameworkImpl  - Starting
289  [TopologyMain.main()-EventThread] INFO  backtype.storm.zookeeper  - Zookeeper state update: :connected:none
315  [TopologyMain.main()] INFO  com.netflix.curator.framework.imps.CuratorFrameworkImpl  - Starting
351  [TopologyMain.main()] INFO  backtype.storm.daemon.supervisor  - Starting supervisor with id 1321516b-8a4d-4227-a4ee-fb04cbe65016 at host hp
356  [TopologyMain.main()] INFO  backtype.storm.daemon.supervisor  - Starting Supervisor with conf {"topology.fall.back.on.java.serialization" true, "zmq.linger.millis" 0, "topology.skip.missing.kryo.registrations" true, "ui.childopts" "-Xmx768m", "storm.zookeeper.session.timeout" 20000, "nimbus.reassign" true, "nimbus.monitor.freq.secs" 10, "java.library.path" "/usr/local/lib:/opt/local/lib:/usr/lib", "storm.local.dir" "/tmp/aa2373b7-b1ee-4ad0-b243-678cc825e016", "supervisor.worker.start.timeout.secs" 240, "nimbus.cleanup.inbox.freq.secs" 600, "nimbus.inbox.jar.expiration.secs" 3600, "storm.zookeeper.port" 2181, "transactional.zookeeper.port" nil, "transactional.zookeeper.servers" nil, "storm.zookeeper.root" "/storm", "supervisor.enable" true, "storm.zookeeper.servers" ["localhost"], "transactional.zookeeper.root" "/transactional", "topology.worker.childopts" nil, "worker.childopts" "-Xmx768m", "supervisor.heartbeat.frequency.secs" 5, "drpc.port" 3772, "supervisor.monitor.frequency.secs" 3, "task.heartbeat.frequency.secs" 3, "topology.max.spout.pending" nil, "storm.zookeeper.retry.interval" 1000, "supervisor.slots.ports" (4 5 6), "topology.debug" false, "nimbus.task.launch.secs" 120, "nimbus.supervisor.timeout.secs" 60, "topology.message.timeout.secs" 30, "task.refresh.poll.secs" 10, "topology.workers" 1, "supervisor.childopts" "-Xmx1024m", "nimbus.thrift.port" 6627, "topology.stats.sample.rate" 0.05, "worker.heartbeat.frequency.secs" 1, "nimbus.task.timeout.secs" 30, "drpc.invocations.port" 3773, "zmq.threads" 1, "storm.zookeeper.retry.times" 5, "topology.state.synchronization.timeout.secs" 60, "supervisor.worker.timeout.secs" 30, "nimbus.file.copy.expiration.secs" 600, "storm.local.mode.zmq" false, "ui.port" 8080, "nimbus.childopts" "-Xmx1024m", "topology.ackers" 1, "storm.cluster.mode" "local", "topology.optimize" true, "topology.max.task.parallelism" nil}
357  [TopologyMain.main()] INFO  com.netflix.curator.framework.imps.CuratorFrameworkImpl  - Starting
370  [TopologyMain.main()-EventThread] INFO  backtype.storm.zookeeper  - Zookeeper state update: :connected:none
373  [TopologyMain.main()] INFO  com.netflix.curator.framework.imps.CuratorFrameworkImpl  - Starting
389  [TopologyMain.main()] INFO  backtype.storm.daemon.supervisor  - Starting supervisor with id e4da5f5d-8139-4930-9142-0536ccfe53ef at host hp
443  [TopologyMain.main()] INFO  backtype.storm.daemon.nimbus  - Received topology submission for Getting-Started-Toplogie with conf {"topology.ackers" 1, "topology.kryo.register" nil, "topology.name" "Getting-Started-Toplogie", "storm.id" "Getting-Started-Toplogie-1-1398678427", "wordsFile" "src/main/resources/words.txt", "topology.debug" false, "topology.max.spout.pending" 1}
500  [TopologyMain.main()] INFO  backtype.storm.daemon.nimbus  - Task Getting-Started-Toplogie-1-1398678427:1 timed out
501  [TopologyMain.main()] INFO  backtype.storm.daemon.nimbus  - Task Getting-Started-Toplogie-1-1398678427:2 timed out
502  [TopologyMain.main()] INFO  backtype.storm.daemon.nimbus  - Task Getting-Started-Toplogie-1-1398678427:3 timed out
503  [TopologyMain.main()] INFO  backtype.storm.daemon.nimbus  - Task Getting-Started-Toplogie-1-1398678427:4 timed out
505  [TopologyMain.main()] INFO  backtype.storm.daemon.nimbus  - Reassigning Getting-Started-Toplogie-1-1398678427 to 1 slots
505  [TopologyMain.main()] INFO  backtype.storm.daemon.nimbus  - Reassign ids: [1 2 3 4]
506  [TopologyMain.main()] INFO  backtype.storm.daemon.nimbus  - Available slots: (["e4da5f5d-8139-4930-9142-0536ccfe53ef" 4] ["e4da5f5d-8139-4930-9142-0536ccfe53ef" 5] ["e4da5f5d-8139-4930-9142-0536ccfe53ef" 6] ["1321516b-8a4d-4227-a4ee-fb04cbe65016" 1] ["1321516b-8a4d-4227-a4ee-fb04cbe65016" 2] ["1321516b-8a4d-4227-a4ee-fb04cbe65016" 3])
509  [TopologyMain.main()] INFO  backtype.storm.daemon.nimbus  - Setting new assignment for storm id Getting-Started-Toplogie-1-1398678427: #:backtype.storm.daemon.common.Assignment{:master-code-dir "/tmp/81a171f8-2383-4f16-967c-e2fb2911276c/nimbus/stormdist/Getting-Started-Toplogie-1-1398678427", :node->host {"e4da5f5d-8139-4930-9142-0536ccfe53ef" "hp"}, :task->node+port {4 ["e4da5f5d-8139-4930-9142-0536ccfe53ef" 4], 3 ["e4da5f5d-8139-4930-9142-0536ccfe53ef" 4], 2 ["e4da5f5d-8139-4930-9142-0536ccfe53ef" 4], 1 ["e4da5f5d-8139-4930-9142-0536ccfe53ef" 4]}, :task->start-time-secs {1 1398678427, 2 1398678427, 3 1398678427, 4 1398678427}}
518  [TopologyMain.main()] INFO  backtype.storm.daemon.nimbus  - Activating Getting-Started-Toplogie: Getting-Started-Toplogie-1-1398678427
531  [Thread-4] INFO  backtype.storm.daemon.supervisor  - Downloading code for storm id Getting-Started-Toplogie-1-1398678427 from /tmp/81a171f8-2383-4f16-967c-e2fb2911276c/nimbus/stormdist/Getting-Started-Toplogie-1-1398678427
531  [Thread-9] INFO  backtype.storm.daemon.supervisor  - Downloading code for storm id Getting-Started-Toplogie-1-1398678427 from /tmp/81a171f8-2383-4f16-967c-e2fb2911276c/nimbus/stormdist/Getting-Started-Toplogie-1-1398678427
540  [Thread-4] INFO  backtype.storm.daemon.supervisor  - Finished downloading code for storm id Getting-Started-Toplogie-1-1398678427 from /tmp/81a171f8-2383-4f16-967c-e2fb2911276c/nimbus/stormdist/Getting-Started-Toplogie-1-1398678427
540  [Thread-9] INFO  backtype.storm.daemon.supervisor  - Finished downloading code for storm id Getting-Started-Toplogie-1-1398678427 from /tmp/81a171f8-2383-4f16-967c-e2fb2911276c/nimbus/stormdist/Getting-Started-Toplogie-1-1398678427
566  [Thread-10] INFO  backtype.storm.daemon.supervisor  - Launching worker with assignment #:backtype.storm.daemon.supervisor.LocalAssignment{:storm-id "Getting-Started-Toplogie-1-1398678427", :task-ids (4 3 2 1)} for this supervisor e4da5f5d-8139-4930-9142-0536ccfe53ef on port 4 with id ba9223b5-d07d-4534-8b0f-08897374bf94
569  [Thread-10] INFO  backtype.storm.daemon.worker  - Launching worker for Getting-Started-Toplogie-1-1398678427 on e4da5f5d-8139-4930-9142-0536ccfe53ef:4 with id ba9223b5-d07d-4534-8b0f-08897374bf94 and conf {"topology.fall.back.on.java.serialization" true, "zmq.linger.millis" 0, "topology.skip.missing.kryo.registrations" true, "ui.childopts" "-Xmx768m", "storm.zookeeper.session.timeout" 20000, "nimbus.reassign" true, "nimbus.monitor.freq.secs" 10, "java.library.path" "/usr/local/lib:/opt/local/lib:/usr/lib", "storm.local.dir" "/tmp/aa2373b7-b1ee-4ad0-b243-678cc825e016", "supervisor.worker.start.timeout.secs" 240, "nimbus.cleanup.inbox.freq.secs" 600, "nimbus.inbox.jar.expiration.secs" 3600, "storm.zookeeper.port" 2181, "transactional.zookeeper.port" nil, "transactional.zookeeper.servers" nil, "storm.zookeeper.root" "/storm", "supervisor.enable" true, "storm.zookeeper.servers" ["localhost"], "transactional.zookeeper.root" "/transactional", "topology.worker.childopts" nil, "worker.childopts" "-Xmx768m", "supervisor.heartbeat.frequency.secs" 5, "drpc.port" 3772, "supervisor.monitor.frequency.secs" 3, "task.heartbeat.frequency.secs" 3, "topology.max.spout.pending" nil, "storm.zookeeper.retry.interval" 1000, "supervisor.slots.ports" (4 5 6), "topology.debug" false, "nimbus.task.launch.secs" 120, "nimbus.supervisor.timeout.secs" 60, "topology.message.timeout.secs" 30, "task.refresh.poll.secs" 10, "topology.workers" 1, "supervisor.childopts" "-Xmx1024m", "nimbus.thrift.port" 6627, "topology.stats.sample.rate" 0.05, "worker.heartbeat.frequency.secs" 1, "nimbus.task.timeout.secs" 30, "drpc.invocations.port" 3773, "zmq.threads" 1, "storm.zookeeper.retry.times" 5, "topology.state.synchronization.timeout.secs" 60, "supervisor.worker.timeout.secs" 30, "nimbus.file.copy.expiration.secs" 600, "storm.local.mode.zmq" false, "ui.port" 8080, "nimbus.childopts" "-Xmx1024m", "topology.ackers" 1, "storm.cluster.mode" "local", "topology.optimize" true, "topology.max.task.parallelism" nil}
569  [Thread-10] INFO  com.netflix.curator.framework.imps.CuratorFrameworkImpl  - Starting
571  [Thread-10-EventThread] INFO  backtype.storm.zookeeper  - Zookeeper state update: :connected:none
573  [Thread-10] INFO  com.netflix.curator.framework.imps.CuratorFrameworkImpl  - Starting
616  [Thread-10] INFO  backtype.storm.daemon.task  - Loading task word-reader:4
639  [Thread-10] INFO  backtype.storm.daemon.task  - Opening spout word-reader:4
639  [Thread-10] INFO  backtype.storm.daemon.task  - Opened spout word-reader:4
643  [Thread-10] INFO  backtype.storm.daemon.task  - Finished loading task word-reader:4
643  [Thread-18] INFO  backtype.storm.daemon.task  - Activating spout word-reader:4
647  [Thread-10] INFO  backtype.storm.daemon.task  - Loading task word-normalizer:3
660  [Thread-10] INFO  backtype.storm.daemon.task  - Preparing bolt word-normalizer:3
660  [Thread-10] INFO  backtype.storm.daemon.task  - Prepared bolt word-normalizer:3
662  [Thread-10] INFO  backtype.storm.daemon.task  - Finished loading task word-normalizer:3
664  [Thread-10] INFO  backtype.storm.daemon.task  - Loading task word-counter:2
671  [Thread-10] INFO  backtype.storm.daemon.task  - Preparing bolt word-counter:2
671  [Thread-10] INFO  backtype.storm.daemon.task  - Prepared bolt word-counter:2
671  [Thread-10] INFO  backtype.storm.daemon.task  - Finished loading task word-counter:2
674  [Thread-10] INFO  backtype.storm.daemon.task  - Loading task __acker:1
679  [Thread-10] INFO  backtype.storm.daemon.task  - Preparing bolt __acker:1
681  [Thread-10] INFO  backtype.storm.daemon.task  - Prepared bolt __acker:1
682  [Thread-10] INFO  backtype.storm.daemon.task  - Finished loading task __acker:1
690  [Thread-10] INFO  backtype.storm.daemon.worker  - Worker has topology config {"storm.id" "Getting-Started-Toplogie-1-1398678427", "topology.fall.back.on.java.serialization" true, "zmq.linger.millis" 0, "topology.skip.missing.kryo.registrations" true, "ui.childopts" "-Xmx768m", "storm.zookeeper.session.timeout" 20000, "nimbus.reassign" true, "nimbus.monitor.freq.secs" 10, "java.library.path" "/usr/local/lib:/opt/local/lib:/usr/lib", "storm.local.dir" "/tmp/aa2373b7-b1ee-4ad0-b243-678cc825e016", "supervisor.worker.start.timeout.secs" 240, "wordsFile" "src/main/resources/words.txt", "nimbus.cleanup.inbox.freq.secs" 600, "nimbus.inbox.jar.expiration.secs" 3600, "storm.zookeeper.port" 2181, "transactional.zookeeper.port" nil, "transactional.zookeeper.servers" nil, "storm.zookeeper.root" "/storm", "supervisor.enable" true, "storm.zookeeper.servers" ["localhost"], "transactional.zookeeper.root" "/transactional", "topology.name" "Getting-Started-Toplogie", "topology.worker.childopts" nil, "worker.childopts" "-Xmx768m", "supervisor.heartbeat.frequency.secs" 5, "drpc.port" 3772, "supervisor.monitor.frequency.secs" 3, "task.heartbeat.frequency.secs" 3, "topology.max.spout.pending" 1, "storm.zookeeper.retry.interval" 1000, "supervisor.slots.ports" (4 5 6), "topology.debug" false, "nimbus.task.launch.secs" 120, "nimbus.supervisor.timeout.secs" 60, "topology.kryo.register" nil, "topology.message.timeout.secs" 30, "task.refresh.poll.secs" 10, "topology.workers" 1, "supervisor.childopts" "-Xmx1024m", "nimbus.thrift.port" 6627, "topology.stats.sample.rate" 0.05, "worker.heartbeat.frequency.secs" 1, "nimbus.task.timeout.secs" 30, "drpc.invocations.port" 3773, "zmq.threads" 1, "storm.zookeeper.retry.times" 5, "topology.state.synchronization.timeout.secs" 60, "supervisor.worker.timeout.secs" 30, "nimbus.file.copy.expiration.secs" 600, "storm.local.mode.zmq" false, "ui.port" 8080, "nimbus.childopts" "-Xmx1024m", "topology.ackers" 1, "storm.cluster.mode" "local", "topology.optimize" true, "topology.max.task.parallelism" nil}
690  [Thread-10] INFO  backtype.storm.daemon.worker  - Worker ba9223b5-d07d-4534-8b0f-08897374bf94 for storm Getting-Started-Toplogie-1-1398678427 on e4da5f5d-8139-4930-9142-0536ccfe53ef:4 has finished loading
OK:storm
OK:test
OK:are
OK:great
OK:is
OK:an
OK:storm
OK:simple
OK:application
OK:but
OK:very
OK:powerfull
OK:really
OK:StOrm
OK:
OK:is
1530 [TopologyMain.main()] INFO  backtype.storm.daemon.nimbus  - Shutting down master
1533 [TopologyMain.main()] INFO  backtype.storm.daemon.nimbus  - Shut down master
1536 [TopologyMain.main()] INFO  backtype.storm.daemon.supervisor  - Shutting down supervisor 1321516b-8a4d-4227-a4ee-fb04cbe65016
1537 [Thread-6] INFO  backtype.storm.util  - Async loop interrupted!
1537 [Thread-7] INFO  backtype.storm.util  - Async loop interrupted!
1537 [Thread-8] INFO  backtype.storm.util  - Async loop interrupted!
1537 [Thread-4] INFO  backtype.storm.event  - Event manager interrupted
1537 [Thread-5] INFO  backtype.storm.event  - Event manager interrupted
1539 [TopologyMain.main()] INFO  backtype.storm.daemon.supervisor  - Shutting down e4da5f5d-8139-4930-9142-0536ccfe53ef:ba9223b5-d07d-4534-8b0f-08897374bf94
1539 [TopologyMain.main()] INFO  backtype.storm.process-simulator  - Killing process 17c0c395-4502-43c0-b627-3389fdbc6dc6
1539 [TopologyMain.main()] INFO  backtype.storm.daemon.worker  - Shutting down worker Getting-Started-Toplogie-1-1398678427 e4da5f5d-8139-4930-9142-0536ccfe53ef 4
1540 [TopologyMain.main()] INFO  backtype.storm.daemon.task  - Shutting down task Getting-Started-Toplogie-1-1398678427:4
1540 [Thread-16] INFO  backtype.storm.util  - Async loop interrupted!
1546 [TopologyMain.main()] INFO  backtype.storm.daemon.task  - Shut down task Getting-Started-Toplogie-1-1398678427:4
1546 [TopologyMain.main()] INFO  backtype.storm.daemon.task  - Shutting down task Getting-Started-Toplogie-1-1398678427:3
1546 [Thread-20] INFO  backtype.storm.util  - Async loop interrupted!
1549 [TopologyMain.main()] INFO  backtype.storm.daemon.task  - Shut down task Getting-Started-Toplogie-1-1398678427:3
1549 [TopologyMain.main()] INFO  backtype.storm.daemon.task  - Shutting down task Getting-Started-Toplogie-1-1398678427:2
1550 [Thread-22] INFO  backtype.storm.util  - Async loop interrupted!
-- Word Counter [word-counter-2] --
really: 1
but: 1
application: 1
is: 2
great: 2
are: 1
test: 1
simple: 1
an: 1
powerfull: 1
storm: 3
very: 1
1552 [TopologyMain.main()] INFO  backtype.storm.daemon.task  - Shut down task Getting-Started-Toplogie-1-1398678427:2
1552 [TopologyMain.main()] INFO  backtype.storm.daemon.task  - Shutting down task Getting-Started-Toplogie-1-1398678427:1
1553 [Thread-24] INFO  backtype.storm.util  - Async loop interrupted!
1555 [TopologyMain.main()] INFO  backtype.storm.daemon.task  - Shut down task Getting-Started-Toplogie-1-1398678427:1
1555 [TopologyMain.main()] INFO  backtype.storm.daemon.worker  - Terminating zmq context
1555 [TopologyMain.main()] INFO  backtype.storm.daemon.worker  - Disconnecting from storm cluster state context
1555 [TopologyMain.main()] INFO  backtype.storm.daemon.worker  - Waiting for heartbeat thread to die
1555 [Thread-27] INFO  backtype.storm.util  - Async loop interrupted!
1555 [Thread-28] INFO  backtype.storm.util  - Async loop interrupted!
1556 [Thread-15] INFO  backtype.storm.util  - Async loop interrupted!
1556 [Thread-14] INFO  backtype.storm.event  - Event manager interrupted
1557 [TopologyMain.main()] INFO  backtype.storm.daemon.worker  - Shut down worker Getting-Started-Toplogie-1-1398678427 e4da5f5d-8139-4930-9142-0536ccfe53ef 4
1558 [TopologyMain.main()] INFO  backtype.storm.daemon.supervisor  - Shut down e4da5f5d-8139-4930-9142-0536ccfe53ef:ba9223b5-d07d-4534-8b0f-08897374bf94
1558 [TopologyMain.main()] INFO  backtype.storm.daemon.supervisor  - Shutting down supervisor e4da5f5d-8139-4930-9142-0536ccfe53ef
1558 [Thread-11] INFO  backtype.storm.util  - Async loop interrupted!
1558 [Thread-12] INFO  backtype.storm.util  - Async loop interrupted!
1558 [Thread-13] INFO  backtype.storm.util  - Async loop interrupted!
1559 [Thread-9] INFO  backtype.storm.event  - Event manager interrupted
1559 [Thread-10] INFO  backtype.storm.event  - Event manager interrupted
1560 [TopologyMain.main()] INFO  backtype.storm.testing  - Shutting down in process zookeeper
1561 [TopologyMain.main()] INFO  backtype.storm.testing  - Done shutting down in process zookeeper
1561 [TopologyMain.main()] INFO  backtype.storm.testing  - Deleting temporary path /tmp/81a171f8-2383-4f16-967c-e2fb2911276c
1561 [TopologyMain.main()] INFO  backtype.storm.testing  - Deleting temporary path /tmp/47896f6e-7593-4906-b796-ce77a3369571
1561 [TopologyMain.main()] INFO  backtype.storm.testing  - Deleting temporary path /tmp/b2c93af3-29ce-4de6-9d10-ddc6054e2ed3
1562 [TopologyMain.main()] INFO  backtype.storm.testing  - Deleting temporary path /tmp/aa2373b7-b1ee-4ad0-b243-678cc825e016
[INFO] ------------------------------------------------------------------------
[INFO] BUILD SUCCESS
[INFO] ------------------------------------------------------------------------
[INFO] Total time: 6.805s
[INFO] Finished at: Mon Apr 28 11:47:10 CEST 2014
[INFO] Final Memory: 19M/290M
[INFO] ------------------------------------------------------------------------
