2014-04-27 23:32:09 o.a.z.ZooKeeper [INFO] Client environment:zookeeper.version=3.3.3-1073969, built on 02/23/2011 22:27 GMT
2014-04-27 23:32:09 o.a.z.ZooKeeper [INFO] Client environment:host.name=asusnotebook
2014-04-27 23:32:09 o.a.z.ZooKeeper [INFO] Client environment:java.version=1.7.0_55
2014-04-27 23:32:09 o.a.z.ZooKeeper [INFO] Client environment:java.vendor=Oracle Corporation
2014-04-27 23:32:09 o.a.z.ZooKeeper [INFO] Client environment:java.home=/usr/lib/jvm/java-1.7.0-openjdk-1.7.0.60-2.4.7.0.fc20.x86_64/jre
2014-04-27 23:32:09 o.a.z.ZooKeeper [INFO] Client environment:java.class.path=/var/hadoop/storm/lib/commons-fileupload-1.2.1.jar:/var/hadoop/storm/lib/commons-exec-1.1.jar:/var/hadoop/storm/lib/jline-2.11.jar:/var/hadoop/storm/lib/commons-lang-2.5.jar:/var/hadoop/storm/lib/curator-framework-1.0.1.jar:/var/hadoop/storm/lib/logback-core-1.0.6.jar:/var/hadoop/storm/lib/ring-devel-0.3.11.jar:/var/hadoop/storm/lib/commons-io-1.4.jar:/var/hadoop/storm/lib/reflectasm-1.07-shaded.jar:/var/hadoop/storm/lib/commons-logging-1.1.1.jar:/var/hadoop/storm/lib/jetty-6.1.26.jar:/var/hadoop/storm/lib/meat-locker-0.3.1.jar:/var/hadoop/storm/lib/asm-4.0.jar:/var/hadoop/storm/lib/math.numeric-tower-0.0.1.jar:/var/hadoop/storm/lib/ring-jetty-adapter-0.3.11.jar:/var/hadoop/storm/lib/httpclient-4.1.1.jar:/var/hadoop/storm/lib/joda-time-2.0.jar:/var/hadoop/storm/lib/clj-time-0.4.1.jar:/var/hadoop/storm/lib/hiccup-0.3.6.jar:/var/hadoop/storm/lib/clj-stacktrace-0.2.4.jar:/var/hadoop/storm/lib/carbonite-1.3.2.jar:/var/hadoop/storm/lib/minlog-1.2.jar:/var/hadoop/storm/lib/storm-core-0.9.1-incubating.jar:/var/hadoop/storm/lib/junit-3.8.1.jar:/var/hadoop/storm/lib/ring-servlet-0.3.11.jar:/var/hadoop/storm/lib/objenesis-1.2.jar:/var/hadoop/storm/lib/commons-codec-1.4.jar:/var/hadoop/storm/lib/tools.macro-0.1.0.jar:/var/hadoop/storm/lib/kryo-2.17.jar:/var/hadoop/storm/lib/logback-classic-1.0.6.jar:/var/hadoop/storm/lib/netty-3.6.3.Final.jar:/var/hadoop/storm/lib/servlet-api-2.5.jar:/var/hadoop/storm/lib/jetty-util-6.1.26.jar:/var/hadoop/storm/lib/ring-core-1.1.5.jar:/var/hadoop/storm/lib/slf4j-api-1.6.5.jar:/var/hadoop/storm/lib/tools.cli-0.2.2.jar:/var/hadoop/storm/lib/clout-1.0.1.jar:/var/hadoop/storm/lib/core.incubator-0.1.0.jar:/var/hadoop/storm/lib/disruptor-2.10.1.jar:/var/hadoop/storm/lib/curator-client-1.0.1.jar:/var/hadoop/storm/lib/compojure-1.1.3.jar:/var/hadoop/storm/lib/httpcore-4.1.jar:/var/hadoop/storm/lib/servlet-api-2.5-20081211.jar:/var/hadoop/storm/lib/json-simple-1.1.jar:/var/hadoop/storm/lib/jgrapht-core-0.9.0.jar:/var/hadoop/storm/lib/tools.logging-0.2.3.jar:/var/hadoop/storm/lib/clojure-1.4.0.jar:/var/hadoop/storm/lib/log4j-over-slf4j-1.6.6.jar:/var/hadoop/storm/lib/snakeyaml-1.11.jar:/var/hadoop/storm/lib/zookeeper-3.3.3.jar:/var/hadoop/storm/lib/guava-13.0.jar:/var/hadoop/storm/conf
2014-04-27 23:32:09 o.a.z.ZooKeeper [INFO] Client environment:java.library.path=
2014-04-27 23:32:09 o.a.z.ZooKeeper [INFO] Client environment:java.io.tmpdir=/tmp
2014-04-27 23:32:09 o.a.z.ZooKeeper [INFO] Client environment:java.compiler=<NA>
2014-04-27 23:32:09 o.a.z.ZooKeeper [INFO] Client environment:os.name=Linux
2014-04-27 23:32:09 o.a.z.ZooKeeper [INFO] Client environment:os.arch=amd64
2014-04-27 23:32:09 o.a.z.ZooKeeper [INFO] Client environment:os.version=3.13.10-200.fc20.x86_64+debug
2014-04-27 23:32:09 o.a.z.ZooKeeper [INFO] Client environment:user.name=MaC
2014-04-27 23:32:09 o.a.z.ZooKeeper [INFO] Client environment:user.home=/home/MaC
2014-04-27 23:32:09 o.a.z.ZooKeeper [INFO] Client environment:user.dir=/var/hadoop/storm
2014-04-27 23:32:09 o.a.z.s.ZooKeeperServer [INFO] Server environment:zookeeper.version=3.3.3-1073969, built on 02/23/2011 22:27 GMT
2014-04-27 23:32:09 o.a.z.s.ZooKeeperServer [INFO] Server environment:host.name=asusnotebook
2014-04-27 23:32:09 o.a.z.s.ZooKeeperServer [INFO] Server environment:java.version=1.7.0_55
2014-04-27 23:32:09 o.a.z.s.ZooKeeperServer [INFO] Server environment:java.vendor=Oracle Corporation
2014-04-27 23:32:09 o.a.z.s.ZooKeeperServer [INFO] Server environment:java.home=/usr/lib/jvm/java-1.7.0-openjdk-1.7.0.60-2.4.7.0.fc20.x86_64/jre
2014-04-27 23:32:09 o.a.z.s.ZooKeeperServer [INFO] Server environment:java.class.path=/var/hadoop/storm/lib/commons-fileupload-1.2.1.jar:/var/hadoop/storm/lib/commons-exec-1.1.jar:/var/hadoop/storm/lib/jline-2.11.jar:/var/hadoop/storm/lib/commons-lang-2.5.jar:/var/hadoop/storm/lib/curator-framework-1.0.1.jar:/var/hadoop/storm/lib/logback-core-1.0.6.jar:/var/hadoop/storm/lib/ring-devel-0.3.11.jar:/var/hadoop/storm/lib/commons-io-1.4.jar:/var/hadoop/storm/lib/reflectasm-1.07-shaded.jar:/var/hadoop/storm/lib/commons-logging-1.1.1.jar:/var/hadoop/storm/lib/jetty-6.1.26.jar:/var/hadoop/storm/lib/meat-locker-0.3.1.jar:/var/hadoop/storm/lib/asm-4.0.jar:/var/hadoop/storm/lib/math.numeric-tower-0.0.1.jar:/var/hadoop/storm/lib/ring-jetty-adapter-0.3.11.jar:/var/hadoop/storm/lib/httpclient-4.1.1.jar:/var/hadoop/storm/lib/joda-time-2.0.jar:/var/hadoop/storm/lib/clj-time-0.4.1.jar:/var/hadoop/storm/lib/hiccup-0.3.6.jar:/var/hadoop/storm/lib/clj-stacktrace-0.2.4.jar:/var/hadoop/storm/lib/carbonite-1.3.2.jar:/var/hadoop/storm/lib/minlog-1.2.jar:/var/hadoop/storm/lib/storm-core-0.9.1-incubating.jar:/var/hadoop/storm/lib/junit-3.8.1.jar:/var/hadoop/storm/lib/ring-servlet-0.3.11.jar:/var/hadoop/storm/lib/objenesis-1.2.jar:/var/hadoop/storm/lib/commons-codec-1.4.jar:/var/hadoop/storm/lib/tools.macro-0.1.0.jar:/var/hadoop/storm/lib/kryo-2.17.jar:/var/hadoop/storm/lib/logback-classic-1.0.6.jar:/var/hadoop/storm/lib/netty-3.6.3.Final.jar:/var/hadoop/storm/lib/servlet-api-2.5.jar:/var/hadoop/storm/lib/jetty-util-6.1.26.jar:/var/hadoop/storm/lib/ring-core-1.1.5.jar:/var/hadoop/storm/lib/slf4j-api-1.6.5.jar:/var/hadoop/storm/lib/tools.cli-0.2.2.jar:/var/hadoop/storm/lib/clout-1.0.1.jar:/var/hadoop/storm/lib/core.incubator-0.1.0.jar:/var/hadoop/storm/lib/disruptor-2.10.1.jar:/var/hadoop/storm/lib/curator-client-1.0.1.jar:/var/hadoop/storm/lib/compojure-1.1.3.jar:/var/hadoop/storm/lib/httpcore-4.1.jar:/var/hadoop/storm/lib/servlet-api-2.5-20081211.jar:/var/hadoop/storm/lib/json-simple-1.1.jar:/var/hadoop/storm/lib/jgrapht-core-0.9.0.jar:/var/hadoop/storm/lib/tools.logging-0.2.3.jar:/var/hadoop/storm/lib/clojure-1.4.0.jar:/var/hadoop/storm/lib/log4j-over-slf4j-1.6.6.jar:/var/hadoop/storm/lib/snakeyaml-1.11.jar:/var/hadoop/storm/lib/zookeeper-3.3.3.jar:/var/hadoop/storm/lib/guava-13.0.jar:/var/hadoop/storm/conf
2014-04-27 23:32:09 o.a.z.s.ZooKeeperServer [INFO] Server environment:java.library.path=
2014-04-27 23:32:09 o.a.z.s.ZooKeeperServer [INFO] Server environment:java.io.tmpdir=/tmp
2014-04-27 23:32:09 o.a.z.s.ZooKeeperServer [INFO] Server environment:java.compiler=<NA>
2014-04-27 23:32:09 o.a.z.s.ZooKeeperServer [INFO] Server environment:os.name=Linux
2014-04-27 23:32:09 o.a.z.s.ZooKeeperServer [INFO] Server environment:os.arch=amd64
2014-04-27 23:32:09 o.a.z.s.ZooKeeperServer [INFO] Server environment:os.version=3.13.10-200.fc20.x86_64+debug
2014-04-27 23:32:09 o.a.z.s.ZooKeeperServer [INFO] Server environment:user.name=MaC
2014-04-27 23:32:09 o.a.z.s.ZooKeeperServer [INFO] Server environment:user.home=/home/MaC
2014-04-27 23:32:09 o.a.z.s.ZooKeeperServer [INFO] Server environment:user.dir=/var/hadoop/storm
2014-04-27 23:32:10 o.a.z.s.NIOServerCnxn [ERROR] Thread Thread[main,5,main] died
org.yaml.snakeyaml.parser.ParserException: null; expected '<document start>', but found BlockMappingStart;  in 'reader', line 8, column 1:
    supervisor.slots.ports:
    ^
	at org.yaml.snakeyaml.parser.ParserImpl$ParseDocumentStart.produce(ParserImpl.java:225) ~[snakeyaml-1.11.jar:na]
	at org.yaml.snakeyaml.parser.ParserImpl.peekEvent(ParserImpl.java:158) ~[snakeyaml-1.11.jar:na]
	at org.yaml.snakeyaml.parser.ParserImpl.checkEvent(ParserImpl.java:143) ~[snakeyaml-1.11.jar:na]
	at org.yaml.snakeyaml.composer.Composer.getSingleNode(Composer.java:108) ~[snakeyaml-1.11.jar:na]
	at org.yaml.snakeyaml.constructor.BaseConstructor.getSingleData(BaseConstructor.java:120) ~[snakeyaml-1.11.jar:na]
	at org.yaml.snakeyaml.Yaml.loadFromReader(Yaml.java:481) ~[snakeyaml-1.11.jar:na]
	at org.yaml.snakeyaml.Yaml.load(Yaml.java:424) ~[snakeyaml-1.11.jar:na]
	at backtype.storm.utils.Utils.findAndReadConfigFile(Utils.java:138) ~[storm-core-0.9.1-incubating.jar:0.9.1-incubating]
	at backtype.storm.utils.Utils.readStormConfig(Utils.java:178) ~[storm-core-0.9.1-incubating.jar:0.9.1-incubating]
	at backtype.storm.config$read_storm_config.invoke(config.clj:116) ~[storm-core-0.9.1-incubating.jar:0.9.1-incubating]
	at backtype.storm.daemon.nimbus$_launch.invoke(nimbus.clj:1187) ~[storm-core-0.9.1-incubating.jar:0.9.1-incubating]
	at backtype.storm.daemon.nimbus$_main.invoke(nimbus.clj:1209) ~[storm-core-0.9.1-incubating.jar:0.9.1-incubating]
	at clojure.lang.AFn.applyToHelper(AFn.java:159) ~[clojure-1.4.0.jar:na]
	at clojure.lang.AFn.applyTo(AFn.java:151) ~[clojure-1.4.0.jar:na]
	at backtype.storm.daemon.nimbus.main(Unknown Source) ~[storm-core-0.9.1-incubating.jar:0.9.1-incubating]
2014-04-27 23:32:52 o.a.z.ZooKeeper [INFO] Client environment:zookeeper.version=3.3.3-1073969, built on 02/23/2011 22:27 GMT
2014-04-27 23:32:52 o.a.z.ZooKeeper [INFO] Client environment:host.name=asusnotebook
2014-04-27 23:32:52 o.a.z.ZooKeeper [INFO] Client environment:java.version=1.7.0_55
2014-04-27 23:32:52 o.a.z.ZooKeeper [INFO] Client environment:java.vendor=Oracle Corporation
2014-04-27 23:32:52 o.a.z.ZooKeeper [INFO] Client environment:java.home=/usr/lib/jvm/java-1.7.0-openjdk-1.7.0.60-2.4.7.0.fc20.x86_64/jre
2014-04-27 23:32:52 o.a.z.ZooKeeper [INFO] Client environment:java.class.path=/var/hadoop/storm/lib/commons-fileupload-1.2.1.jar:/var/hadoop/storm/lib/commons-exec-1.1.jar:/var/hadoop/storm/lib/jline-2.11.jar:/var/hadoop/storm/lib/commons-lang-2.5.jar:/var/hadoop/storm/lib/curator-framework-1.0.1.jar:/var/hadoop/storm/lib/logback-core-1.0.6.jar:/var/hadoop/storm/lib/ring-devel-0.3.11.jar:/var/hadoop/storm/lib/commons-io-1.4.jar:/var/hadoop/storm/lib/reflectasm-1.07-shaded.jar:/var/hadoop/storm/lib/commons-logging-1.1.1.jar:/var/hadoop/storm/lib/jetty-6.1.26.jar:/var/hadoop/storm/lib/meat-locker-0.3.1.jar:/var/hadoop/storm/lib/asm-4.0.jar:/var/hadoop/storm/lib/math.numeric-tower-0.0.1.jar:/var/hadoop/storm/lib/ring-jetty-adapter-0.3.11.jar:/var/hadoop/storm/lib/httpclient-4.1.1.jar:/var/hadoop/storm/lib/joda-time-2.0.jar:/var/hadoop/storm/lib/clj-time-0.4.1.jar:/var/hadoop/storm/lib/hiccup-0.3.6.jar:/var/hadoop/storm/lib/clj-stacktrace-0.2.4.jar:/var/hadoop/storm/lib/carbonite-1.3.2.jar:/var/hadoop/storm/lib/minlog-1.2.jar:/var/hadoop/storm/lib/storm-core-0.9.1-incubating.jar:/var/hadoop/storm/lib/junit-3.8.1.jar:/var/hadoop/storm/lib/ring-servlet-0.3.11.jar:/var/hadoop/storm/lib/objenesis-1.2.jar:/var/hadoop/storm/lib/commons-codec-1.4.jar:/var/hadoop/storm/lib/tools.macro-0.1.0.jar:/var/hadoop/storm/lib/kryo-2.17.jar:/var/hadoop/storm/lib/logback-classic-1.0.6.jar:/var/hadoop/storm/lib/netty-3.6.3.Final.jar:/var/hadoop/storm/lib/servlet-api-2.5.jar:/var/hadoop/storm/lib/jetty-util-6.1.26.jar:/var/hadoop/storm/lib/ring-core-1.1.5.jar:/var/hadoop/storm/lib/slf4j-api-1.6.5.jar:/var/hadoop/storm/lib/tools.cli-0.2.2.jar:/var/hadoop/storm/lib/clout-1.0.1.jar:/var/hadoop/storm/lib/core.incubator-0.1.0.jar:/var/hadoop/storm/lib/disruptor-2.10.1.jar:/var/hadoop/storm/lib/curator-client-1.0.1.jar:/var/hadoop/storm/lib/compojure-1.1.3.jar:/var/hadoop/storm/lib/httpcore-4.1.jar:/var/hadoop/storm/lib/servlet-api-2.5-20081211.jar:/var/hadoop/storm/lib/json-simple-1.1.jar:/var/hadoop/storm/lib/jgrapht-core-0.9.0.jar:/var/hadoop/storm/lib/tools.logging-0.2.3.jar:/var/hadoop/storm/lib/clojure-1.4.0.jar:/var/hadoop/storm/lib/log4j-over-slf4j-1.6.6.jar:/var/hadoop/storm/lib/snakeyaml-1.11.jar:/var/hadoop/storm/lib/zookeeper-3.3.3.jar:/var/hadoop/storm/lib/guava-13.0.jar:/var/hadoop/storm/conf
2014-04-27 23:32:52 o.a.z.ZooKeeper [INFO] Client environment:java.library.path=/usr/local/lib:/opt/local/lib:/usr/lib
2014-04-27 23:32:52 o.a.z.ZooKeeper [INFO] Client environment:java.io.tmpdir=/tmp
2014-04-27 23:32:52 o.a.z.ZooKeeper [INFO] Client environment:java.compiler=<NA>
2014-04-27 23:32:52 o.a.z.ZooKeeper [INFO] Client environment:os.name=Linux
2014-04-27 23:32:52 o.a.z.ZooKeeper [INFO] Client environment:os.arch=amd64
2014-04-27 23:32:52 o.a.z.ZooKeeper [INFO] Client environment:os.version=3.13.10-200.fc20.x86_64+debug
2014-04-27 23:32:52 o.a.z.ZooKeeper [INFO] Client environment:user.name=MaC
2014-04-27 23:32:52 o.a.z.ZooKeeper [INFO] Client environment:user.home=/home/MaC
2014-04-27 23:32:52 o.a.z.ZooKeeper [INFO] Client environment:user.dir=/var/hadoop/storm
2014-04-27 23:32:52 o.a.z.s.ZooKeeperServer [INFO] Server environment:zookeeper.version=3.3.3-1073969, built on 02/23/2011 22:27 GMT
2014-04-27 23:32:52 o.a.z.s.ZooKeeperServer [INFO] Server environment:host.name=asusnotebook
2014-04-27 23:32:52 o.a.z.s.ZooKeeperServer [INFO] Server environment:java.version=1.7.0_55
2014-04-27 23:32:52 o.a.z.s.ZooKeeperServer [INFO] Server environment:java.vendor=Oracle Corporation
2014-04-27 23:32:52 o.a.z.s.ZooKeeperServer [INFO] Server environment:java.home=/usr/lib/jvm/java-1.7.0-openjdk-1.7.0.60-2.4.7.0.fc20.x86_64/jre
2014-04-27 23:32:52 o.a.z.s.ZooKeeperServer [INFO] Server environment:java.class.path=/var/hadoop/storm/lib/commons-fileupload-1.2.1.jar:/var/hadoop/storm/lib/commons-exec-1.1.jar:/var/hadoop/storm/lib/jline-2.11.jar:/var/hadoop/storm/lib/commons-lang-2.5.jar:/var/hadoop/storm/lib/curator-framework-1.0.1.jar:/var/hadoop/storm/lib/logback-core-1.0.6.jar:/var/hadoop/storm/lib/ring-devel-0.3.11.jar:/var/hadoop/storm/lib/commons-io-1.4.jar:/var/hadoop/storm/lib/reflectasm-1.07-shaded.jar:/var/hadoop/storm/lib/commons-logging-1.1.1.jar:/var/hadoop/storm/lib/jetty-6.1.26.jar:/var/hadoop/storm/lib/meat-locker-0.3.1.jar:/var/hadoop/storm/lib/asm-4.0.jar:/var/hadoop/storm/lib/math.numeric-tower-0.0.1.jar:/var/hadoop/storm/lib/ring-jetty-adapter-0.3.11.jar:/var/hadoop/storm/lib/httpclient-4.1.1.jar:/var/hadoop/storm/lib/joda-time-2.0.jar:/var/hadoop/storm/lib/clj-time-0.4.1.jar:/var/hadoop/storm/lib/hiccup-0.3.6.jar:/var/hadoop/storm/lib/clj-stacktrace-0.2.4.jar:/var/hadoop/storm/lib/carbonite-1.3.2.jar:/var/hadoop/storm/lib/minlog-1.2.jar:/var/hadoop/storm/lib/storm-core-0.9.1-incubating.jar:/var/hadoop/storm/lib/junit-3.8.1.jar:/var/hadoop/storm/lib/ring-servlet-0.3.11.jar:/var/hadoop/storm/lib/objenesis-1.2.jar:/var/hadoop/storm/lib/commons-codec-1.4.jar:/var/hadoop/storm/lib/tools.macro-0.1.0.jar:/var/hadoop/storm/lib/kryo-2.17.jar:/var/hadoop/storm/lib/logback-classic-1.0.6.jar:/var/hadoop/storm/lib/netty-3.6.3.Final.jar:/var/hadoop/storm/lib/servlet-api-2.5.jar:/var/hadoop/storm/lib/jetty-util-6.1.26.jar:/var/hadoop/storm/lib/ring-core-1.1.5.jar:/var/hadoop/storm/lib/slf4j-api-1.6.5.jar:/var/hadoop/storm/lib/tools.cli-0.2.2.jar:/var/hadoop/storm/lib/clout-1.0.1.jar:/var/hadoop/storm/lib/core.incubator-0.1.0.jar:/var/hadoop/storm/lib/disruptor-2.10.1.jar:/var/hadoop/storm/lib/curator-client-1.0.1.jar:/var/hadoop/storm/lib/compojure-1.1.3.jar:/var/hadoop/storm/lib/httpcore-4.1.jar:/var/hadoop/storm/lib/servlet-api-2.5-20081211.jar:/var/hadoop/storm/lib/json-simple-1.1.jar:/var/hadoop/storm/lib/jgrapht-core-0.9.0.jar:/var/hadoop/storm/lib/tools.logging-0.2.3.jar:/var/hadoop/storm/lib/clojure-1.4.0.jar:/var/hadoop/storm/lib/log4j-over-slf4j-1.6.6.jar:/var/hadoop/storm/lib/snakeyaml-1.11.jar:/var/hadoop/storm/lib/zookeeper-3.3.3.jar:/var/hadoop/storm/lib/guava-13.0.jar:/var/hadoop/storm/conf
2014-04-27 23:32:52 o.a.z.s.ZooKeeperServer [INFO] Server environment:java.library.path=/usr/local/lib:/opt/local/lib:/usr/lib
2014-04-27 23:32:52 o.a.z.s.ZooKeeperServer [INFO] Server environment:java.io.tmpdir=/tmp
2014-04-27 23:32:52 o.a.z.s.ZooKeeperServer [INFO] Server environment:java.compiler=<NA>
2014-04-27 23:32:52 o.a.z.s.ZooKeeperServer [INFO] Server environment:os.name=Linux
2014-04-27 23:32:52 o.a.z.s.ZooKeeperServer [INFO] Server environment:os.arch=amd64
2014-04-27 23:32:52 o.a.z.s.ZooKeeperServer [INFO] Server environment:os.version=3.13.10-200.fc20.x86_64+debug
2014-04-27 23:32:52 o.a.z.s.ZooKeeperServer [INFO] Server environment:user.name=MaC
2014-04-27 23:32:52 o.a.z.s.ZooKeeperServer [INFO] Server environment:user.home=/home/MaC
2014-04-27 23:32:52 o.a.z.s.ZooKeeperServer [INFO] Server environment:user.dir=/var/hadoop/storm
2014-04-27 23:32:53 b.s.d.nimbus [INFO] Starting Nimbus with conf {"dev.zookeeper.path" "/tmp/dev-storm-zookeeper", "topology.tick.tuple.freq.secs" nil, "topology.builtin.metrics.bucket.size.secs" 60, "topology.fall.back.on.java.serialization" true, "topology.max.error.report.per.interval" 5, "zmq.linger.millis" 5000, "topology.skip.missing.kryo.registrations" false, "storm.messaging.netty.client_worker_threads" 1, "ui.childopts" "-Xmx768m", "storm.zookeeper.session.timeout" 20000, "nimbus.reassign" true, "topology.trident.batch.emit.interval.millis" 500, "nimbus.monitor.freq.secs" 10, "logviewer.childopts" "-Xmx128m", "java.library.path" "/usr/local/lib:/opt/local/lib:/usr/lib", "topology.executor.send.buffer.size" 1024, "storm.local.dir" "/var/hadoop/storm/tmp", "storm.messaging.netty.buffer_size" 5242880, "supervisor.worker.start.timeout.secs" 120, "topology.enable.message.timeouts" true, "nimbus.cleanup.inbox.freq.secs" 600, "nimbus.inbox.jar.expiration.secs" 3600, "drpc.worker.threads" 64, "topology.worker.shared.thread.pool.size" 4, "nimbus.host" "asusnotebook", "storm.messaging.netty.min_wait_ms" 100, "storm.zookeeper.port" 2181, "transactional.zookeeper.port" nil, "topology.executor.receive.buffer.size" 1024, "transactional.zookeeper.servers" nil, "storm.zookeeper.root" "/storm", "storm.zookeeper.retry.intervalceiling.millis" 30000, "supervisor.enable" true, "storm.messaging.netty.server_worker_threads" 1, "storm.zookeeper.servers" ["172.17.0.2"], "transactional.zookeeper.root" "/transactional", "topology.acker.executors" nil, "topology.transfer.buffer.size" 1024, "topology.worker.childopts" nil, "drpc.queue.size" 128, "worker.childopts" "-Xmx768m", "supervisor.heartbeat.frequency.secs" 5, "topology.error.throttle.interval.secs" 10, "zmq.hwm" 0, "drpc.port" 3772, "supervisor.monitor.frequency.secs" 3, "drpc.childopts" "-Xmx768m", "topology.receiver.buffer.size" 8, "task.heartbeat.frequency.secs" 3, "topology.tasks" nil, "storm.messaging.netty.max_retries" 30, "topology.spout.wait.strategy" "backtype.storm.spout.SleepSpoutWaitStrategy", "nimbus.thrift.max_buffer_size" 1048576, "topology.max.spout.pending" nil, "storm.zookeeper.retry.interval" 1000, "topology.sleep.spout.wait.strategy.time.ms" 1, "nimbus.topology.validator" "backtype.storm.nimbus.DefaultTopologyValidator", "supervisor.slots.ports" [6700 6701 6702 6703], "topology.debug" false, "nimbus.task.launch.secs" 120, "nimbus.supervisor.timeout.secs" 60, "topology.message.timeout.secs" 30, "task.refresh.poll.secs" 10, "topology.workers" 1, "supervisor.childopts" "-Xmx256m", "nimbus.thrift.port" 6627, "topology.stats.sample.rate" 0.05, "worker.heartbeat.frequency.secs" 1, "topology.tuple.serializer" "backtype.storm.serialization.types.ListDelegateSerializer", "topology.disruptor.wait.strategy" "com.lmax.disruptor.BlockingWaitStrategy", "nimbus.task.timeout.secs" 30, "storm.zookeeper.connection.timeout" 15000, "topology.kryo.factory" "backtype.storm.serialization.DefaultKryoFactory", "drpc.invocations.port" 3773, "logviewer.port" 8000, "zmq.threads" 1, "storm.zookeeper.retry.times" 5, "storm.thrift.transport" "backtype.storm.security.auth.SimpleTransportPlugin", "topology.state.synchronization.timeout.secs" 60, "supervisor.worker.timeout.secs" 30, "nimbus.file.copy.expiration.secs" 600, "storm.messaging.transport" "backtype.storm.messaging.netty.Context", "logviewer.appender.name" "A1", "storm.messaging.netty.max_wait_ms" 1000, "drpc.request.timeout.secs" 600, "storm.local.mode.zmq" false, "ui.port" 8080, "nimbus.childopts" "-Xmx1024m", "storm.cluster.mode" "distributed", "topology.optimize" true, "topology.max.task.parallelism" nil}
2014-04-27 23:32:53 b.s.d.nimbus [INFO] Using default scheduler
2014-04-27 23:32:53 c.n.c.f.i.CuratorFrameworkImpl [INFO] Starting
2014-04-27 23:32:53 o.a.z.ZooKeeper [INFO] Initiating client connection, connectString=172.17.0.2:2181 sessionTimeout=20000 watcher=com.netflix.curator.ConnectionState@7725aa0c
2014-04-27 23:32:53 o.a.z.ClientCnxn [INFO] Opening socket connection to server /172.17.0.2:2181
2014-04-27 23:32:53 o.a.z.ClientCnxn [INFO] Socket connection established to 172.17.0.2/172.17.0.2:2181, initiating session
2014-04-27 23:32:53 o.a.z.ClientCnxn [INFO] Session establishment complete on server 172.17.0.2/172.17.0.2:2181, sessionid = 0x145a4f801ef0001, negotiated timeout = 20000
2014-04-27 23:32:53 b.s.zookeeper [INFO] Zookeeper state update: :connected:none
2014-04-27 23:32:53 o.a.z.ClientCnxn [INFO] EventThread shut down
2014-04-27 23:32:53 o.a.z.ZooKeeper [INFO] Session: 0x145a4f801ef0001 closed
2014-04-27 23:32:53 c.n.c.f.i.CuratorFrameworkImpl [INFO] Starting
2014-04-27 23:32:53 o.a.z.ZooKeeper [INFO] Initiating client connection, connectString=172.17.0.2:2181/storm sessionTimeout=20000 watcher=com.netflix.curator.ConnectionState@70bb8a
2014-04-27 23:32:53 o.a.z.ClientCnxn [INFO] Opening socket connection to server /172.17.0.2:2181
2014-04-27 23:32:54 o.a.z.ClientCnxn [INFO] Socket connection established to 172.17.0.2/172.17.0.2:2181, initiating session
2014-04-27 23:32:54 o.a.z.ClientCnxn [INFO] Session establishment complete on server 172.17.0.2/172.17.0.2:2181, sessionid = 0x145a4f801ef0002, negotiated timeout = 20000
2014-04-27 23:32:54 b.s.d.nimbus [INFO] Starting Nimbus server...
2014-04-28 00:08:10 b.s.d.nimbus [INFO] Shutting down master
2014-04-28 00:08:11 o.a.z.ClientCnxn [INFO] EventThread shut down
2014-04-28 00:08:11 o.a.z.ZooKeeper [INFO] Session: 0x145a4f801ef0002 closed
2014-04-28 00:08:11 b.s.d.nimbus [INFO] Shut down master
