[2014-06-06 19:27:56,245] INFO [Controller 0]: Controller starting up (kafka.controller.KafkaController)
[2014-06-06 19:27:56,343] INFO [Controller 0]: Broker 0 starting become controller state transition (kafka.controller.KafkaController)
[2014-06-06 19:27:56,357] INFO [Controller 0]: Controller 0 incremented epoch to 1 (kafka.controller.KafkaController)
[2014-06-06 19:27:56,412] INFO [Controller 0]: Partitions undergoing preferred replica election:  (kafka.controller.KafkaController)
[2014-06-06 19:27:56,413] INFO [Controller 0]: Partitions that completed preferred replica election:  (kafka.controller.KafkaController)
[2014-06-06 19:27:56,414] INFO [Controller 0]: Resuming preferred replica election for partitions:  (kafka.controller.KafkaController)
[2014-06-06 19:27:56,422] INFO [Controller 0]: Partitions being reassigned: Map() (kafka.controller.KafkaController)
[2014-06-06 19:27:56,423] INFO [Controller 0]: Partitions already reassigned: List() (kafka.controller.KafkaController)
[2014-06-06 19:27:56,426] INFO [Controller 0]: Resuming reassignment of partitions: Map() (kafka.controller.KafkaController)
[2014-06-06 19:27:56,435] INFO [Controller 0]: List of topics to be deleted:  (kafka.controller.KafkaController)
[2014-06-06 19:27:56,436] INFO [Controller 0]: List of topics ineligible for deletion:  (kafka.controller.KafkaController)
[2014-06-06 19:27:56,447] INFO [Controller 0]: Currently active brokers in the cluster: Set() (kafka.controller.KafkaController)
[2014-06-06 19:27:56,448] INFO [Controller 0]: Currently shutting brokers in the cluster: Set() (kafka.controller.KafkaController)
[2014-06-06 19:27:56,449] INFO [Controller 0]: Current list of topics in the cluster: Set() (kafka.controller.KafkaController)
[2014-06-06 19:27:56,457] INFO [Replica state machine on controller 0]: Started replica state machine with initial state -> Map() (kafka.controller.ReplicaStateMachine)
[2014-06-06 19:27:56,470] INFO [Partition state machine on Controller 0]: Started partition state machine with initial state -> Map() (kafka.controller.PartitionStateMachine)
[2014-06-06 19:27:56,474] INFO [Controller 0]: Broker 0 is ready to serve as the new controller with epoch 1 (kafka.controller.KafkaController)
[2014-06-06 19:27:56,477] INFO [Controller 0]: Starting preferred replica leader election for partitions  (kafka.controller.KafkaController)
[2014-06-06 19:27:56,481] INFO [Partition state machine on Controller 0]: Invoking state change to OnlinePartition for partitions  (kafka.controller.PartitionStateMachine)
[2014-06-06 19:27:56,491] INFO [Controller 0]: Controller startup complete (kafka.controller.KafkaController)
[2014-06-06 19:27:56,678] DEBUG [ControllerEpochListener on 0]: Controller epoch listener fired with new epoch 1 (kafka.controller.ControllerEpochListener)
[2014-06-06 19:27:56,683] INFO [ControllerEpochListener on 0]: Initialized controller epoch to 1 and zk version 0 (kafka.controller.ControllerEpochListener)
[2014-06-06 19:27:56,685] INFO [BrokerChangeListener on Controller 0]: Broker change listener fired for path /brokers/ids with children 0 (kafka.controller.ReplicaStateMachine$BrokerChangeListener)
[2014-06-06 19:27:56,757] INFO [BrokerChangeListener on Controller 0]: Newly added brokers: 0, deleted brokers: , all live brokers: 0 (kafka.controller.ReplicaStateMachine$BrokerChangeListener)
[2014-06-06 19:27:56,758] DEBUG [Channel manager on controller 0]: Controller 0 trying to connect to broker 0 (kafka.controller.ControllerChannelManager)
[2014-06-06 19:27:56,775] INFO [Controller-0-to-broker-0-send-thread], Controller 0 connected to id:0,host:localhost.localdomain,port:9092 for sending state change requests (kafka.controller.RequestSendThread)
[2014-06-06 19:27:56,776] INFO [Controller-0-to-broker-0-send-thread], Starting  (kafka.controller.RequestSendThread)
[2014-06-06 19:27:56,776] INFO [Controller 0]: New broker startup callback for 0 (kafka.controller.KafkaController)
[2014-06-06 19:28:46,921] INFO [Controller-0-to-broker-0-send-thread], Shutting down (kafka.controller.RequestSendThread)
[2014-06-06 19:28:46,921] INFO [Controller-0-to-broker-0-send-thread], Stopped  (kafka.controller.RequestSendThread)
[2014-06-06 19:28:46,922] INFO [Controller-0-to-broker-0-send-thread], Shutdown completed (kafka.controller.RequestSendThread)
[2014-06-06 19:28:46,922] INFO [Controller 0]: Controller shutdown complete (kafka.controller.KafkaController)
[2014-06-06 19:29:08,275] DEBUG preRegister called. Server=com.sun.jmx.mbeanserver.JmxMBeanServer@2ca275d8, name=log4j:logger=kafka.controller (kafka.controller)
[2014-06-06 19:29:37,006] INFO [ControllerEpochListener on 0]: Initialized controller epoch to 1 and zk version 0 (kafka.controller.ControllerEpochListener)
[2014-06-06 19:29:37,027] INFO [Controller 0]: Controller starting up (kafka.controller.KafkaController)
[2014-06-06 19:29:37,057] INFO [Controller 0]: Broker 0 starting become controller state transition (kafka.controller.KafkaController)
[2014-06-06 19:29:37,062] INFO [Controller 0]: Controller 0 incremented epoch to 2 (kafka.controller.KafkaController)
[2014-06-06 19:29:37,081] INFO [Controller 0]: Partitions undergoing preferred replica election:  (kafka.controller.KafkaController)
[2014-06-06 19:29:37,081] INFO [Controller 0]: Partitions that completed preferred replica election:  (kafka.controller.KafkaController)
[2014-06-06 19:29:37,081] INFO [Controller 0]: Resuming preferred replica election for partitions:  (kafka.controller.KafkaController)
[2014-06-06 19:29:37,084] INFO [Controller 0]: Partitions being reassigned: Map() (kafka.controller.KafkaController)
[2014-06-06 19:29:37,084] INFO [Controller 0]: Partitions already reassigned: List() (kafka.controller.KafkaController)
[2014-06-06 19:29:37,085] INFO [Controller 0]: Resuming reassignment of partitions: Map() (kafka.controller.KafkaController)
[2014-06-06 19:29:37,088] INFO [Controller 0]: List of topics to be deleted:  (kafka.controller.KafkaController)
[2014-06-06 19:29:37,088] INFO [Controller 0]: List of topics ineligible for deletion:  (kafka.controller.KafkaController)
[2014-06-06 19:29:37,091] INFO [Controller 0]: Currently active brokers in the cluster: Set() (kafka.controller.KafkaController)
[2014-06-06 19:29:37,091] INFO [Controller 0]: Currently shutting brokers in the cluster: Set() (kafka.controller.KafkaController)
[2014-06-06 19:29:37,092] INFO [Controller 0]: Current list of topics in the cluster: Set() (kafka.controller.KafkaController)
[2014-06-06 19:29:37,094] INFO [Replica state machine on controller 0]: Started replica state machine with initial state -> Map() (kafka.controller.ReplicaStateMachine)
[2014-06-06 19:29:37,098] INFO [Partition state machine on Controller 0]: Started partition state machine with initial state -> Map() (kafka.controller.PartitionStateMachine)
[2014-06-06 19:29:37,099] INFO [Controller 0]: Broker 0 is ready to serve as the new controller with epoch 2 (kafka.controller.KafkaController)
[2014-06-06 19:29:37,100] INFO [Controller 0]: Starting preferred replica leader election for partitions  (kafka.controller.KafkaController)
[2014-06-06 19:29:37,101] INFO [Partition state machine on Controller 0]: Invoking state change to OnlinePartition for partitions  (kafka.controller.PartitionStateMachine)
[2014-06-06 19:29:37,106] INFO [Controller 0]: Controller startup complete (kafka.controller.KafkaController)
[2014-06-06 19:29:37,184] DEBUG [ControllerEpochListener on 0]: Controller epoch listener fired with new epoch 2 (kafka.controller.ControllerEpochListener)
[2014-06-06 19:29:37,186] INFO [ControllerEpochListener on 0]: Initialized controller epoch to 2 and zk version 1 (kafka.controller.ControllerEpochListener)
[2014-06-06 19:29:37,188] INFO [BrokerChangeListener on Controller 0]: Broker change listener fired for path /brokers/ids with children 0 (kafka.controller.ReplicaStateMachine$BrokerChangeListener)
[2014-06-06 19:29:37,244] INFO [BrokerChangeListener on Controller 0]: Newly added brokers: 0, deleted brokers: , all live brokers: 0 (kafka.controller.ReplicaStateMachine$BrokerChangeListener)
[2014-06-06 19:29:37,245] DEBUG [Channel manager on controller 0]: Controller 0 trying to connect to broker 0 (kafka.controller.ControllerChannelManager)
[2014-06-06 19:29:37,248] INFO [Controller-0-to-broker-0-send-thread], Controller 0 connected to id:0,host:localhost.localdomain,port:9092 for sending state change requests (kafka.controller.RequestSendThread)
[2014-06-06 19:29:37,249] INFO [Controller-0-to-broker-0-send-thread], Starting  (kafka.controller.RequestSendThread)
[2014-06-06 19:29:37,249] INFO [Controller 0]: New broker startup callback for 0 (kafka.controller.KafkaController)
[2014-06-06 19:29:42,181] DEBUG [TopicChangeListener on Controller 0]: Topic change listener fired for path /brokers/topics with children kafkatopic (kafka.controller.PartitionStateMachine$TopicChangeListener)
[2014-06-06 19:29:42,199] INFO [TopicChangeListener on Controller 0]: New topics: [Set(kafkatopic)], deleted topics: [Set()], new partition replica assignment [Map([kafkatopic,0] -> List(0))] (kafka.controller.PartitionStateMachine$TopicChangeListener)
[2014-06-06 19:29:42,200] INFO [Controller 0]: New topic creation callback for [kafkatopic,0] (kafka.controller.KafkaController)
[2014-06-06 19:29:42,202] INFO [Controller 0]: New partition creation callback for [kafkatopic,0] (kafka.controller.KafkaController)
[2014-06-06 19:29:42,203] INFO [Partition state machine on Controller 0]: Invoking state change to NewPartition for partitions [kafkatopic,0] (kafka.controller.PartitionStateMachine)
[2014-06-06 19:29:42,216] INFO [Replica state machine on controller 0]: Invoking state change to NewReplica for replicas [Topic=kafkatopic,Partition=0,Replica=0] (kafka.controller.ReplicaStateMachine)
[2014-06-06 19:29:42,219] INFO [Partition state machine on Controller 0]: Invoking state change to OnlinePartition for partitions [kafkatopic,0] (kafka.controller.PartitionStateMachine)
[2014-06-06 19:29:42,220] DEBUG [Partition state machine on Controller 0]: Live assigned replicas for partition [kafkatopic,0] are: [List(0)] (kafka.controller.PartitionStateMachine)
[2014-06-06 19:29:42,222] DEBUG [Partition state machine on Controller 0]: Initializing leader and isr for partition [kafkatopic,0] to (Leader:0,ISR:0,LeaderEpoch:0,ControllerEpoch:2) (kafka.controller.PartitionStateMachine)
[2014-06-06 19:29:42,244] INFO [Replica state machine on controller 0]: Invoking state change to OnlineReplica for replicas [Topic=kafkatopic,Partition=0,Replica=0] (kafka.controller.ReplicaStateMachine)
[2014-06-06 19:51:44,185] INFO [Controller-0-to-broker-0-send-thread], Shutting down (kafka.controller.RequestSendThread)
[2014-06-06 19:51:44,185] INFO [Controller-0-to-broker-0-send-thread], Shutdown completed (kafka.controller.RequestSendThread)
[2014-06-06 19:51:44,185] INFO [Controller-0-to-broker-0-send-thread], Stopped  (kafka.controller.RequestSendThread)
[2014-06-06 19:51:44,185] INFO [Controller 0]: Controller shutdown complete (kafka.controller.KafkaController)
