[2014-06-06 19:27:35,166] INFO Verifying properties (kafka.utils.VerifiableProperties)
[2014-06-06 19:27:35,200] INFO Property broker.id is overridden to 0 (kafka.utils.VerifiableProperties)
[2014-06-06 19:27:35,200] INFO Property log.cleaner.enable is overridden to false (kafka.utils.VerifiableProperties)
[2014-06-06 19:27:35,200] INFO Property log.dirs is overridden to /tmp/kafka-logs (kafka.utils.VerifiableProperties)
[2014-06-06 19:27:35,201] INFO Property log.retention.check.interval.ms is overridden to 60000 (kafka.utils.VerifiableProperties)
[2014-06-06 19:27:35,201] INFO Property log.retention.hours is overridden to 168 (kafka.utils.VerifiableProperties)
[2014-06-06 19:27:35,201] INFO Property log.segment.bytes is overridden to 536870912 (kafka.utils.VerifiableProperties)
[2014-06-06 19:27:35,201] INFO Property num.io.threads is overridden to 8 (kafka.utils.VerifiableProperties)
[2014-06-06 19:27:35,201] INFO Property num.network.threads is overridden to 2 (kafka.utils.VerifiableProperties)
[2014-06-06 19:27:35,201] INFO Property num.partitions is overridden to 2 (kafka.utils.VerifiableProperties)
[2014-06-06 19:27:35,202] INFO Property port is overridden to 9092 (kafka.utils.VerifiableProperties)
[2014-06-06 19:27:35,202] INFO Property socket.receive.buffer.bytes is overridden to 1048576 (kafka.utils.VerifiableProperties)
[2014-06-06 19:27:35,202] INFO Property socket.request.max.bytes is overridden to 104857600 (kafka.utils.VerifiableProperties)
[2014-06-06 19:27:35,202] INFO Property socket.send.buffer.bytes is overridden to 1048576 (kafka.utils.VerifiableProperties)
[2014-06-06 19:27:35,202] INFO Property zookeeper.connect is overridden to localhost:2181 (kafka.utils.VerifiableProperties)
[2014-06-06 19:27:35,202] INFO Property zookeeper.connection.timeout.ms is overridden to 1000000 (kafka.utils.VerifiableProperties)
[2014-06-06 19:27:35,242] INFO [Kafka Server 0], starting (kafka.server.KafkaServer)
[2014-06-06 19:27:35,243] INFO [Kafka Server 0], Connecting to zookeeper on localhost:2181 (kafka.server.KafkaServer)
[2014-06-06 19:27:55,943] INFO Log directory '/tmp/kafka-logs' not found, creating it. (kafka.log.LogManager)
[2014-06-06 19:27:55,977] INFO Starting log cleanup with a period of 60000 ms. (kafka.log.LogManager)
[2014-06-06 19:27:55,998] INFO Starting log flusher with a default period of 9223372036854775807 ms. (kafka.log.LogManager)
[2014-06-06 19:27:56,093] INFO Awaiting socket connections on 0.0.0.0:9092. (kafka.network.Acceptor)
[2014-06-06 19:27:56,094] INFO [Socket Server on Broker 0], Started (kafka.network.SocketServer)
[2014-06-06 19:27:56,242] INFO Will not load MX4J, mx4j-tools.jar is not in the classpath (kafka.utils.Mx4jLoader$)
[2014-06-06 19:27:56,341] INFO 0 successfully elected as leader (kafka.server.ZookeeperLeaderElector)
[2014-06-06 19:27:56,538] INFO Registered broker 0 at path /brokers/ids/0 with address localhost.localdomain:9092. (kafka.utils.ZkUtils$)
[2014-06-06 19:27:56,576] INFO [Kafka Server 0], started (kafka.server.KafkaServer)
[2014-06-06 19:27:56,676] INFO New leader is 0 (kafka.server.ZookeeperLeaderElector$LeaderChangeListener)
[2014-06-06 19:28:46,522] INFO [Kafka Server 0], shutting down (kafka.server.KafkaServer)
[2014-06-06 19:28:46,526] INFO [Socket Server on Broker 0], Shutting down (kafka.network.SocketServer)
[2014-06-06 19:28:46,536] INFO [Socket Server on Broker 0], Shutdown completed (kafka.network.SocketServer)
[2014-06-06 19:28:46,538] INFO [Kafka Request Handler on Broker 0], shutting down (kafka.server.KafkaRequestHandlerPool)
[2014-06-06 19:28:46,592] INFO [Kafka Request Handler on Broker 0], shut down completely (kafka.server.KafkaRequestHandlerPool)
[2014-06-06 19:28:46,893] INFO [Replica Manager on Broker 0]: Shut down (kafka.server.ReplicaManager)
[2014-06-06 19:28:46,894] INFO [ReplicaFetcherManager on broker 0] shutting down (kafka.server.ReplicaFetcherManager)
[2014-06-06 19:28:46,897] INFO [ReplicaFetcherManager on broker 0] shutdown completed (kafka.server.ReplicaFetcherManager)
[2014-06-06 19:28:46,904] INFO [Replica Manager on Broker 0]: Shutted down completely (kafka.server.ReplicaManager)
[2014-06-06 19:28:46,926] INFO [Kafka Server 0], shut down completed (kafka.server.KafkaServer)
[2014-06-06 19:29:36,785] INFO Verifying properties (kafka.utils.VerifiableProperties)
[2014-06-06 19:29:36,817] INFO Property broker.id is overridden to 0 (kafka.utils.VerifiableProperties)
[2014-06-06 19:29:36,817] INFO Property log.cleaner.enable is overridden to false (kafka.utils.VerifiableProperties)
[2014-06-06 19:29:36,817] INFO Property log.dirs is overridden to /tmp/kafka-logs (kafka.utils.VerifiableProperties)
[2014-06-06 19:29:36,817] INFO Property log.retention.check.interval.ms is overridden to 60000 (kafka.utils.VerifiableProperties)
[2014-06-06 19:29:36,818] INFO Property log.retention.hours is overridden to 168 (kafka.utils.VerifiableProperties)
[2014-06-06 19:29:36,818] INFO Property log.segment.bytes is overridden to 536870912 (kafka.utils.VerifiableProperties)
[2014-06-06 19:29:36,818] INFO Property num.io.threads is overridden to 8 (kafka.utils.VerifiableProperties)
[2014-06-06 19:29:36,818] INFO Property num.network.threads is overridden to 2 (kafka.utils.VerifiableProperties)
[2014-06-06 19:29:36,819] INFO Property num.partitions is overridden to 2 (kafka.utils.VerifiableProperties)
[2014-06-06 19:29:36,819] INFO Property port is overridden to 9092 (kafka.utils.VerifiableProperties)
[2014-06-06 19:29:36,819] INFO Property socket.receive.buffer.bytes is overridden to 1048576 (kafka.utils.VerifiableProperties)
[2014-06-06 19:29:36,819] INFO Property socket.request.max.bytes is overridden to 104857600 (kafka.utils.VerifiableProperties)
[2014-06-06 19:29:36,820] INFO Property socket.send.buffer.bytes is overridden to 1048576 (kafka.utils.VerifiableProperties)
[2014-06-06 19:29:36,820] INFO Property zookeeper.connect is overridden to localhost:2181 (kafka.utils.VerifiableProperties)
[2014-06-06 19:29:36,820] INFO Property zookeeper.connection.timeout.ms is overridden to 1000000 (kafka.utils.VerifiableProperties)
[2014-06-06 19:29:36,840] INFO [Kafka Server 0], starting (kafka.server.KafkaServer)
[2014-06-06 19:29:36,842] INFO [Kafka Server 0], Connecting to zookeeper on localhost:2181 (kafka.server.KafkaServer)
[2014-06-06 19:29:36,946] INFO Found clean shutdown file. Skipping recovery for all logs in data directory '/tmp/kafka-logs' (kafka.log.LogManager)
[2014-06-06 19:29:36,947] INFO Starting log cleanup with a period of 60000 ms. (kafka.log.LogManager)
[2014-06-06 19:29:36,950] INFO Starting log flusher with a default period of 9223372036854775807 ms. (kafka.log.LogManager)
[2014-06-06 19:29:36,973] INFO Awaiting socket connections on 0.0.0.0:9092. (kafka.network.Acceptor)
[2014-06-06 19:29:36,973] INFO [Socket Server on Broker 0], Started (kafka.network.SocketServer)
[2014-06-06 19:29:37,026] INFO Will not load MX4J, mx4j-tools.jar is not in the classpath (kafka.utils.Mx4jLoader$)
[2014-06-06 19:29:37,057] INFO 0 successfully elected as leader (kafka.server.ZookeeperLeaderElector)
[2014-06-06 19:29:37,124] INFO Registered broker 0 at path /brokers/ids/0 with address localhost.localdomain:9092. (kafka.utils.ZkUtils$)
[2014-06-06 19:29:37,134] INFO [Kafka Server 0], started (kafka.server.KafkaServer)
[2014-06-06 19:29:37,182] INFO New leader is 0 (kafka.server.ZookeeperLeaderElector$LeaderChangeListener)
[2014-06-06 19:29:42,273] INFO [ReplicaFetcherManager on broker 0] Removed fetcher for partitions [kafkatopic,0] (kafka.server.ReplicaFetcherManager)
[2014-06-06 19:29:42,297] INFO Completed load of log kafkatopic-0 with log end offset 0 (kafka.log.Log)
[2014-06-06 19:29:42,299] INFO Created log for partition [kafkatopic,0] in /tmp/kafka-logs with properties {segment.index.bytes -> 10485760, file.delete.delay.ms -> 60000, segment.bytes -> 536870912, flush.ms -> 9223372036854775807, delete.retention.ms -> 86400000, index.interval.bytes -> 4096, retention.bytes -> -1, cleanup.policy -> delete, segment.ms -> 604800000, max.message.bytes -> 1000012, flush.messages -> 9223372036854775807, min.cleanable.dirty.ratio -> 0.5, retention.ms -> 604800000}. (kafka.log.LogManager)
[2014-06-06 19:29:42,300] WARN Partition [kafkatopic,0] on broker 0: No checkpointed highwatermark is found for partition [kafkatopic,0] (kafka.cluster.Partition)
[2014-06-06 19:31:09,668] INFO Closing socket connection to /127.0.0.1. (kafka.network.Processor)
[2014-06-06 19:32:47,705] INFO Closing socket connection to /127.0.0.1. (kafka.network.Processor)
[2014-06-06 19:36:16,103] INFO Closing socket connection to /127.0.0.1. (kafka.network.Processor)
[2014-06-06 19:36:16,154] INFO Closing socket connection to /127.0.0.1. (kafka.network.Processor)
[2014-06-06 19:36:33,190] INFO Closing socket connection to /127.0.0.1. (kafka.network.Processor)
[2014-06-06 19:36:56,927] ERROR Closing socket for /127.0.0.1 because of error (kafka.network.Processor)
java.io.IOException: Connection reset by peer
	at sun.nio.ch.FileDispatcherImpl.read0(Native Method)
	at sun.nio.ch.SocketDispatcher.read(SocketDispatcher.java:39)
	at sun.nio.ch.IOUtil.readIntoNativeBuffer(IOUtil.java:223)
	at sun.nio.ch.IOUtil.read(IOUtil.java:197)
	at sun.nio.ch.SocketChannelImpl.read(SocketChannelImpl.java:379)
	at kafka.utils.Utils$.read(Utils.scala:375)
	at kafka.network.BoundedByteBufferReceive.readFrom(BoundedByteBufferReceive.scala:54)
	at kafka.network.Processor.read(SocketServer.scala:347)
	at kafka.network.Processor.run(SocketServer.scala:245)
	at java.lang.Thread.run(Thread.java:744)
[2014-06-06 19:51:43,894] INFO [Kafka Server 0], shutting down (kafka.server.KafkaServer)
[2014-06-06 19:51:43,896] INFO [Socket Server on Broker 0], Shutting down (kafka.network.SocketServer)
[2014-06-06 19:51:43,901] INFO Closing socket connection to /127.0.0.1. (kafka.network.Processor)
[2014-06-06 19:51:43,903] INFO [Socket Server on Broker 0], Shutdown completed (kafka.network.SocketServer)
[2014-06-06 19:51:43,905] INFO [Kafka Request Handler on Broker 0], shutting down (kafka.server.KafkaRequestHandlerPool)
[2014-06-06 19:51:43,914] INFO [Kafka Request Handler on Broker 0], shut down completely (kafka.server.KafkaRequestHandlerPool)
[2014-06-06 19:51:44,173] INFO [Replica Manager on Broker 0]: Shut down (kafka.server.ReplicaManager)
[2014-06-06 19:51:44,173] INFO [ReplicaFetcherManager on broker 0] shutting down (kafka.server.ReplicaFetcherManager)
[2014-06-06 19:51:44,174] INFO [ReplicaFetcherManager on broker 0] shutdown completed (kafka.server.ReplicaFetcherManager)
[2014-06-06 19:51:44,175] INFO [Replica Manager on Broker 0]: Shutted down completely (kafka.server.ReplicaManager)
[2014-06-06 19:51:46,031] INFO [Kafka Server 0], shut down completed (kafka.server.KafkaServer)
